{
  "uid" : "9e0ed0dd702b90d",
  "name" : "test01[params0]",
  "fullName" : "testcase.test_case01.Test_BaiduSearch#test01",
  "historyId" : "e45bb6e2f90731b6e79db1fedb87cf82",
  "time" : {
    "start" : 1625135520486,
    "stop" : 1625135520486,
    "duration" : 0
  },
  "description" : "\n        登录case用例\n        :param params:\n        :return:\n        ",
  "descriptionHtml" : "<pre><code>    登录case用例\n    :param params:\n    :return:\n</code></pre>\n",
  "status" : "broken",
  "statusMessage" : "selenium.common.exceptions.InvalidArgumentException: Message: invalid argument: user data directory is already in use, please specify a unique value for --user-data-dir argument, or don't use --user-data-dir",
  "statusTrace" : "self = <class 'testcase.test_case01.Test_BaiduSearch'>\n\n    def setup_class(self):\n    \n>       self.driver = BasePage()\n\ntest_case01.py:159: \n_ _ _ _ _ _ _ _ _ _ _ _ _ _ _ _ _ _ _ _ _ _ _ _ _ _ _ _ _ _ _ _ _ _ _ _ _ _ _ _\n..\\framework\\base_page.py:37: in __init__\n    self.driver = webdriver.Chrome(self.chrome_driver_path, options=self.option)\nE:\\Python\\Python37\\lib\\site-packages\\selenium\\webdriver\\chrome\\webdriver.py:81: in __init__\n    desired_capabilities=desired_capabilities)\nE:\\Python\\Python37\\lib\\site-packages\\selenium\\webdriver\\remote\\webdriver.py:157: in __init__\n    self.start_session(capabilities, browser_profile)\nE:\\Python\\Python37\\lib\\site-packages\\selenium\\webdriver\\remote\\webdriver.py:252: in start_session\n    response = self.execute(Command.NEW_SESSION, parameters)\nE:\\Python\\Python37\\lib\\site-packages\\selenium\\webdriver\\remote\\webdriver.py:321: in execute\n    self.error_handler.check_response(response)\n_ _ _ _ _ _ _ _ _ _ _ _ _ _ _ _ _ _ _ _ _ _ _ _ _ _ _ _ _ _ _ _ _ _ _ _ _ _ _ _\n\nself = <selenium.webdriver.remote.errorhandler.ErrorHandler object at 0x000002107509D5C0>\nresponse = {'status': 400, 'value': '{\"value\":{\"error\":\"invalid argument\",\"message\":\"invalid argument: user data directory is alr...\\n\\\\tRtlGetAppContainerNamedObjectPath [0x77508944+228]\\\\n\\\\tRtlGetAppContainerNamedObjectPath [0x77508914+180]\\\\n\"}}'}\n\n    def check_response(self, response):\n        \"\"\"\n        Checks that a JSON response from the WebDriver does not have an error.\n    \n        :Args:\n         - response - The JSON response from the WebDriver server as a dictionary\n           object.\n    \n        :Raises: If the response contains an error message.\n        \"\"\"\n        status = response.get('status', None)\n        if status is None or status == ErrorCode.SUCCESS:\n            return\n        value = None\n        message = response.get(\"message\", \"\")\n        screen = response.get(\"screen\", \"\")\n        stacktrace = None\n        if isinstance(status, int):\n            value_json = response.get('value', None)\n            if value_json and isinstance(value_json, basestring):\n                import json\n                try:\n                    value = json.loads(value_json)\n                    if len(value.keys()) == 1:\n                        value = value['value']\n                    status = value.get('error', None)\n                    if status is None:\n                        status = value[\"status\"]\n                        message = value[\"value\"]\n                        if not isinstance(message, basestring):\n                            value = message\n                            message = message.get('message')\n                    else:\n                        message = value.get('message', None)\n                except ValueError:\n                    pass\n    \n        exception_class = ErrorInResponseException\n        if status in ErrorCode.NO_SUCH_ELEMENT:\n            exception_class = NoSuchElementException\n        elif status in ErrorCode.NO_SUCH_FRAME:\n            exception_class = NoSuchFrameException\n        elif status in ErrorCode.NO_SUCH_WINDOW:\n            exception_class = NoSuchWindowException\n        elif status in ErrorCode.STALE_ELEMENT_REFERENCE:\n            exception_class = StaleElementReferenceException\n        elif status in ErrorCode.ELEMENT_NOT_VISIBLE:\n            exception_class = ElementNotVisibleException\n        elif status in ErrorCode.INVALID_ELEMENT_STATE:\n            exception_class = InvalidElementStateException\n        elif status in ErrorCode.INVALID_SELECTOR \\\n                or status in ErrorCode.INVALID_XPATH_SELECTOR \\\n                or status in ErrorCode.INVALID_XPATH_SELECTOR_RETURN_TYPER:\n            exception_class = InvalidSelectorException\n        elif status in ErrorCode.ELEMENT_IS_NOT_SELECTABLE:\n            exception_class = ElementNotSelectableException\n        elif status in ErrorCode.ELEMENT_NOT_INTERACTABLE:\n            exception_class = ElementNotInteractableException\n        elif status in ErrorCode.INVALID_COOKIE_DOMAIN:\n            exception_class = InvalidCookieDomainException\n        elif status in ErrorCode.UNABLE_TO_SET_COOKIE:\n            exception_class = UnableToSetCookieException\n        elif status in ErrorCode.TIMEOUT:\n            exception_class = TimeoutException\n        elif status in ErrorCode.SCRIPT_TIMEOUT:\n            exception_class = TimeoutException\n        elif status in ErrorCode.UNKNOWN_ERROR:\n            exception_class = WebDriverException\n        elif status in ErrorCode.UNEXPECTED_ALERT_OPEN:\n            exception_class = UnexpectedAlertPresentException\n        elif status in ErrorCode.NO_ALERT_OPEN:\n            exception_class = NoAlertPresentException\n        elif status in ErrorCode.IME_NOT_AVAILABLE:\n            exception_class = ImeNotAvailableException\n        elif status in ErrorCode.IME_ENGINE_ACTIVATION_FAILED:\n            exception_class = ImeActivationFailedException\n        elif status in ErrorCode.MOVE_TARGET_OUT_OF_BOUNDS:\n            exception_class = MoveTargetOutOfBoundsException\n        elif status in ErrorCode.JAVASCRIPT_ERROR:\n            exception_class = JavascriptException\n        elif status in ErrorCode.SESSION_NOT_CREATED:\n            exception_class = SessionNotCreatedException\n        elif status in ErrorCode.INVALID_ARGUMENT:\n            exception_class = InvalidArgumentException\n        elif status in ErrorCode.NO_SUCH_COOKIE:\n            exception_class = NoSuchCookieException\n        elif status in ErrorCode.UNABLE_TO_CAPTURE_SCREEN:\n            exception_class = ScreenshotException\n        elif status in ErrorCode.ELEMENT_CLICK_INTERCEPTED:\n            exception_class = ElementClickInterceptedException\n        elif status in ErrorCode.INSECURE_CERTIFICATE:\n            exception_class = InsecureCertificateException\n        elif status in ErrorCode.INVALID_COORDINATES:\n            exception_class = InvalidCoordinatesException\n        elif status in ErrorCode.INVALID_SESSION_ID:\n            exception_class = InvalidSessionIdException\n        elif status in ErrorCode.UNKNOWN_METHOD:\n            exception_class = UnknownMethodException\n        else:\n            exception_class = WebDriverException\n        if value == '' or value is None:\n            value = response['value']\n        if isinstance(value, basestring):\n            if exception_class == ErrorInResponseException:\n                raise exception_class(response, value)\n            raise exception_class(value)\n        if message == \"\" and 'message' in value:\n            message = value['message']\n    \n        screen = None\n        if 'screen' in value:\n            screen = value['screen']\n    \n        stacktrace = None\n        if 'stackTrace' in value and value['stackTrace']:\n            stacktrace = []\n            try:\n                for frame in value['stackTrace']:\n                    line = self._value_or_default(frame, 'lineNumber', '')\n                    file = self._value_or_default(frame, 'fileName', '<anonymous>')\n                    if line:\n                        file = \"%s:%s\" % (file, line)\n                    meth = self._value_or_default(frame, 'methodName', '<anonymous>')\n                    if 'className' in frame:\n                        meth = \"%s.%s\" % (frame['className'], meth)\n                    msg = \"    at %s (%s)\"\n                    msg = msg % (meth, file)\n                    stacktrace.append(msg)\n            except TypeError:\n                pass\n        if exception_class == ErrorInResponseException:\n            raise exception_class(response, message)\n        elif exception_class == UnexpectedAlertPresentException:\n            alert_text = None\n            if 'data' in value:\n                alert_text = value['data'].get('text')\n            elif 'alert' in value:\n                alert_text = value['alert'].get('text')\n            raise exception_class(message, screen, stacktrace, alert_text)\n>       raise exception_class(message, screen, stacktrace)\nE       selenium.common.exceptions.InvalidArgumentException: Message: invalid argument: user data directory is already in use, please specify a unique value for --user-data-dir argument, or don't use --user-data-dir\n\nE:\\Python\\Python37\\lib\\site-packages\\selenium\\webdriver\\remote\\errorhandler.py:242: InvalidArgumentException",
  "flaky" : false,
  "newFailed" : false,
  "beforeStages" : [ {
    "name" : "xunit_setup_class_fixture_Test_BaiduSearch",
    "time" : {
      "start" : 1625135520488,
      "stop" : 1625135523743,
      "duration" : 3255
    },
    "status" : "broken",
    "statusMessage" : "selenium.common.exceptions.InvalidArgumentException: Message: invalid argument: user data directory is already in use, please specify a unique value for --user-data-dir argument, or don't use --user-data-dir\n\n",
    "statusTrace" : "  File \"E:\\Python\\Python37\\lib\\site-packages\\pluggy\\callers.py\", line 187, in _multicall\n    res = hook_impl.function(*args)\n  File \"E:\\Python\\Python37\\lib\\site-packages\\_pytest\\fixtures.py\", line 1126, in pytest_fixture_setup\n    result = call_fixture_func(fixturefunc, request, kwargs)\n  File \"E:\\Python\\Python37\\lib\\site-packages\\_pytest\\fixtures.py\", line 925, in call_fixture_func\n    fixture_result = next(generator)\n  File \"E:\\Python\\Python37\\lib\\site-packages\\_pytest\\python.py\", line 811, in xunit_setup_class_fixture\n    _call_with_optional_argument(func, self.obj)\n  File \"E:\\Python\\Python37\\lib\\site-packages\\_pytest\\python.py\", line 739, in _call_with_optional_argument\n    func(arg)\n  File \"E:\\nh修正版\\nh\\testcase\\test_case01.py\", line 159, in setup_class\n    self.driver = BasePage()\n  File \"E:\\nh修正版\\nh\\framework\\base_page.py\", line 37, in __init__\n    self.driver = webdriver.Chrome(self.chrome_driver_path, options=self.option)\n  File \"E:\\Python\\Python37\\lib\\site-packages\\selenium\\webdriver\\chrome\\webdriver.py\", line 81, in __init__\n    desired_capabilities=desired_capabilities)\n  File \"E:\\Python\\Python37\\lib\\site-packages\\selenium\\webdriver\\remote\\webdriver.py\", line 157, in __init__\n    self.start_session(capabilities, browser_profile)\n  File \"E:\\Python\\Python37\\lib\\site-packages\\selenium\\webdriver\\remote\\webdriver.py\", line 252, in start_session\n    response = self.execute(Command.NEW_SESSION, parameters)\n  File \"E:\\Python\\Python37\\lib\\site-packages\\selenium\\webdriver\\remote\\webdriver.py\", line 321, in execute\n    self.error_handler.check_response(response)\n  File \"E:\\Python\\Python37\\lib\\site-packages\\selenium\\webdriver\\remote\\errorhandler.py\", line 242, in check_response\n    raise exception_class(message, screen, stacktrace)\n",
    "steps" : [ ],
    "attachments" : [ ],
    "parameters" : [ ],
    "shouldDisplayMessage" : true,
    "attachmentsCount" : 0,
    "stepsCount" : 0,
    "hasContent" : true
  } ],
  "afterStages" : [ ],
  "labels" : [ {
    "name" : "epic",
    "value" : "项目名称: 旎浩"
  }, {
    "name" : "feature",
    "value" : "登录模块"
  }, {
    "name" : "parentSuite",
    "value" : "testcase"
  }, {
    "name" : "suite",
    "value" : "test_case01"
  }, {
    "name" : "subSuite",
    "value" : "Test_BaiduSearch"
  }, {
    "name" : "host",
    "value" : "DESKTOP-T311BD1"
  }, {
    "name" : "thread",
    "value" : "34748-MainThread"
  }, {
    "name" : "framework",
    "value" : "pytest"
  }, {
    "name" : "language",
    "value" : "cpython3"
  }, {
    "name" : "package",
    "value" : "testcase.test_case01"
  }, {
    "name" : "resultFormat",
    "value" : "allure2"
  } ],
  "parameters" : [ {
    "name" : "params",
    "value" : "[{'tital': [['打开网页', 'open_browser', 'https://www.nhtest.com/en/customer'], ['跳到首页', 'click', 'xpath=>//*[@id=\"g-head\"]/div/p/a'], ['跳到我的页面', 'click', 'xpath=>/html/body/div[1]/div/div/a[1]'], ['跳到my order页面', 'click', 'xpath=>/html/body/div[6]/div[1]/div/ul/li[3]/a'], ['点击我的第一个订单', 'click', 'xpath=>/html/body/div[6]/div[2]/div/div[2]/table/tbody/tr[1]/td[1]'], ['勾选全部按钮', 'click', 'xpath=>//*[@id=\"selectAllCheckbox\"]'], ['点击加入购物车', 'click', 'xpath=>/html/body/div[6]/div/div/div[2]/div[1]/div[1]/div/button'], ['点击购物车图标', 'click', 'xpath=>//*[@id=\"J_HeadCart\"]/div/a']]}]"
  } ],
  "links" : [ ],
  "hidden" : true,
  "retry" : true,
  "extra" : {
    "categories" : [ ],
    "tags" : [ ]
  },
  "source" : "9e0ed0dd702b90d.json",
  "parameterValues" : [ "[{'tital': [['打开网页', 'open_browser', 'https://www.nhtest.com/en/customer'], ['跳到首页', 'click', 'xpath=>//*[@id=\"g-head\"]/div/p/a'], ['跳到我的页面', 'click', 'xpath=>/html/body/div[1]/div/div/a[1]'], ['跳到my order页面', 'click', 'xpath=>/html/body/div[6]/div[1]/div/ul/li[3]/a'], ['点击我的第一个订单', 'click', 'xpath=>/html/body/div[6]/div[2]/div/div[2]/table/tbody/tr[1]/td[1]'], ['勾选全部按钮', 'click', 'xpath=>//*[@id=\"selectAllCheckbox\"]'], ['点击加入购物车', 'click', 'xpath=>/html/body/div[6]/div/div/div[2]/div[1]/div[1]/div/button'], ['点击购物车图标', 'click', 'xpath=>//*[@id=\"J_HeadCart\"]/div/a']]}]" ]
}